L 10/10/2025 - 17:00:26: Start of error session.
L 10/10/2025 - 17:00:26: Info (map "de_dust") (file "addons/amxmodx/logs/error_20251010.log")
L 10/10/2025 - 17:00:26: Plugin called message_begin with an invalid message id (0).
L 10/10/2025 - 17:00:26: [AMXX] Run time error 10 (plugin "showdmg.amxx") (native "message_begin") - debug not enabled!
L 10/10/2025 - 17:00:26: [AMXX] To enable debug mode, add "debug" after the plugin name in plugins.ini (without quotes).
L 10/10/2025 - 17:00:29: Plugin called message_begin with an invalid message id (0).
L 10/10/2025 - 17:00:29: [AMXX] Run time error 10 (plugin "showdmg.amxx") (native "message_begin") - debug not enabled!
L 10/10/2025 - 17:00:29: [AMXX] To enable debug mode, add "debug" after the plugin name in plugins.ini (without quotes).
L 10/10/2025 - 17:00:40: Plugin called message_begin with an invalid message id (0).
L 10/10/2025 - 17:00:40: [AMXX] Run time error 10 (plugin "showdmg.amxx") (native "message_begin") - debug not enabled!
L 10/10/2025 - 17:00:40: [AMXX] To enable debug mode, add "debug" after the plugin name in plugins.ini (without quotes).
L 10/10/2025 - 17:00:45: Plugin called message_begin with an invalid message id (0).
L 10/10/2025 - 17:00:45: [AMXX] Run time error 10 (plugin "showdmg.amxx") (native "message_begin") - debug not enabled!
L 10/10/2025 - 17:00:45: [AMXX] To enable debug mode, add "debug" after the plugin name in plugins.ini (without quotes).
L 10/10/2025 - 17:00:46: Plugin called message_begin with an invalid message id (0).
L 10/10/2025 - 17:00:46: [AMXX] Run time error 10 (plugin "showdmg.amxx") (native "message_begin") - debug not enabled!
L 10/10/2025 - 17:00:46: [AMXX] To enable debug mode, add "debug" after the plugin name in plugins.ini (without quotes).
L 10/10/2025 - 17:10:09: Start of error session.
L 10/10/2025 - 17:10:09: Info (map "de_dust2") (file "addons/amxmodx/logs/error_20251010.log")
L 10/10/2025 - 17:10:09: [AMXX] Load error 17 (invalid file format or version) (plugin "simple_damager.amxx")
L 10/10/2025 - 17:10:09: Start of error session.
L 10/10/2025 - 17:10:09: Info (map "de_dust") (file "addons/amxmodx/logs/error_20251010.log")
L 10/10/2025 - 17:10:09: [AMXX] Load error 17 (invalid file format or version) (plugin "simple_damager.amxx")
